\BOOKMARK [1][-]{section.1}{Photons and the Electromagnetic Field}{}% 1
\BOOKMARK [2][-]{subsection.1.1}{}{section.1}% 2
\BOOKMARK [3][-]{subsubsection.1.1.1}{}{subsection.1.1}% 3
\BOOKMARK [3][-]{subsubsection.1.1.2}{}{subsection.1.1}% 4
\BOOKMARK [3][-]{subsubsection.1.1.3}{}{subsection.1.1}% 5
\BOOKMARK [3][-]{subsubsection.1.1.4}{}{subsection.1.1}% 6
\BOOKMARK [3][-]{subsubsection.1.1.5}{}{subsection.1.1}% 7
\BOOKMARK [3][-]{subsubsection.1.1.6}{}{subsection.1.1}% 8
\BOOKMARK [2][-]{subsection.1.2}{}{section.1}% 9
\BOOKMARK [3][-]{subsubsection.1.2.1}{}{subsection.1.2}% 10
\BOOKMARK [3][-]{subsubsection.1.2.2}{}{subsection.1.2}% 11
\BOOKMARK [2][-]{subsection.1.3}{}{section.1}% 12
\BOOKMARK [1][-]{section.2}{Lagrangian Field Theory}{}% 13
\BOOKMARK [2][-]{subsection.2.1}{}{section.2}% 14
\BOOKMARK [2][-]{subsection.2.2}{}{section.2}% 15
\BOOKMARK [2][-]{subsection.2.3}{}{section.2}% 16
\BOOKMARK [2][-]{subsection.2.4}{}{section.2}% 17
\BOOKMARK [2][-]{subsection.2.5}{}{section.2}% 18
\BOOKMARK [1][-]{section.3}{The Klein-Gordon Field}{}% 19
\BOOKMARK [2][-]{subsection.3.1}{}{section.3}% 20
\BOOKMARK [2][-]{subsection.3.2}{}{section.3}% 21
\BOOKMARK [2][-]{subsection.3.3}{}{section.3}% 22
\BOOKMARK [2][-]{subsection.3.4}{}{section.3}% 23
\BOOKMARK [2][-]{subsection.3.5}{}{section.3}% 24
\BOOKMARK [2][-]{subsection.3.6}{}{section.3}% 25
\BOOKMARK [3][-]{subsubsection.3.6.1}{}{subsection.3.6}% 26
\BOOKMARK [3][-]{subsubsection.3.6.2}{}{subsection.3.6}% 27
\BOOKMARK [1][-]{section.4}{The Dirac Field}{}% 28
\BOOKMARK [2][-]{subsection.4.1}{}{section.4}% 29
\BOOKMARK [2][-]{subsection.4.2}{}{section.4}% 30
\BOOKMARK [2][-]{subsection.4.3}{}{section.4}% 31
\BOOKMARK [2][-]{subsection.4.4}{}{section.4}% 32
\BOOKMARK [2][-]{subsection.4.5}{}{section.4}% 33
\BOOKMARK [1][-]{section.5}{Photons: Covariant Theory}{}% 34
